<?xml version="1.0" encoding="UTF-8"?>
<testsuite name="com.bridgelabz.IplAnalyserTest" tests="1" skipped="0" failures="0" errors="0" timestamp="2021-01-31T12:29:03" hostname="DESKTOP-1TCPMKQ" time="0.217">
  <properties/>
  <testcase name="givenMostRunCSVFileReturnsMost4sAnd6s" classname="com.bridgelabz.IplAnalyserTest" time="0.217"/>
  <system-out><![CDATA[]]></system-out>
  <system-err><![CDATA[]]></system-err>
</testsuite>
