<?xml version="1.0" encoding="UTF-8"?>
<testsuite name="com.bridgelabz.IplAnalyserTest" tests="1" skipped="0" failures="0" errors="0" timestamp="2021-02-01T08:56:04" hostname="DESKTOP-1TCPMKQ" time="0.278">
  <properties/>
  <testcase name="givenCSVFilesReturnsCricketersWithBestBattingAndBowlingAverages" classname="com.bridgelabz.IplAnalyserTest" time="0.278"/>
  <system-out><![CDATA[]]></system-out>
  <system-err><![CDATA[]]></system-err>
</testsuite>
