<?xml version="1.0" encoding="UTF-8"?>
<testsuite name="com.bridgelabz.IplAnalyserTest" tests="1" skipped="0" failures="0" errors="0" timestamp="2021-01-31T16:06:17" hostname="DESKTOP-1TCPMKQ" time="0.374">
  <properties/>
  <testcase name="givenMostWicketCSVFileReturnsGreatAverageWithBestStrikeRates" classname="com.bridgelabz.IplAnalyserTest" time="0.374"/>
  <system-out><![CDATA[]]></system-out>
  <system-err><![CDATA[]]></system-err>
</testsuite>
