<?xml version="1.0" encoding="UTF-8"?>
<testsuite name="com.bridgelabz.IplAnalyserTest" tests="1" skipped="0" failures="0" errors="0" timestamp="2021-02-01T09:13:39" hostname="DESKTOP-1TCPMKQ" time="0.336">
  <properties/>
  <testcase name="givenCSVFilesReturnsCricketersWithBestAllrounder" classname="com.bridgelabz.IplAnalyserTest" time="0.336"/>
  <system-out><![CDATA[Player =David Warner , Matches=12, Innings=12 not outs = 2runs = 692 highest score  = 100* average = 69.2 ballsfaced = 481 Strike Rate = 143.86100s scored = 1 50s scored = 8fours = 57 sixes = 21
]]></system-out>
  <system-err><![CDATA[]]></system-err>
</testsuite>
