<?xml version="1.0" encoding="UTF-8"?>
<testsuite name="com.bridgelabz.IplAnalyserTest" tests="1" skipped="0" failures="0" errors="0" timestamp="2021-01-31T13:16:50" hostname="DESKTOP-1TCPMKQ" time="0.241">
  <properties/>
  <testcase name="givenMostRunCSVFileReturnsBestStrikeRatesWithHigestRuns" classname="com.bridgelabz.IplAnalyserTest" time="0.241"/>
  <system-out><![CDATA[]]></system-out>
  <system-err><![CDATA[]]></system-err>
</testsuite>
