<?xml version="1.0" encoding="UTF-8"?>
<testsuite name="com.bridgelabz.IplAnalyserTest" tests="2" skipped="0" failures="0" errors="0" timestamp="2021-01-31T09:55:03" hostname="DESKTOP-1TCPMKQ" time="0.201">
  <properties/>
  <testcase name="givenMostWicketCSVFileReturnsCorrectRecords" classname="com.bridgelabz.IplAnalyserTest" time="0.161"/>
  <testcase name="givenMostRunCSVFileReturnsCorrectRecords" classname="com.bridgelabz.IplAnalyserTest" time="0.039"/>
  <system-out><![CDATA[]]></system-out>
  <system-err><![CDATA[]]></system-err>
</testsuite>
